  Base_Button.cpp
C:\Users\mrb20\Desktop\!C++ projects\!Arrow Engine\Arrow Engine\Arrow Engine\Drawable_calculations.h(174,61): warning C4244: 'argument': conversion from 'int' to 'T', possible loss of data
C:\Users\mrb20\Desktop\!C++ projects\!Arrow Engine\Arrow Engine\Arrow Engine\Drawable_calculations.h(174,61): warning C4244:         with
C:\Users\mrb20\Desktop\!C++ projects\!Arrow Engine\Arrow Engine\Arrow Engine\Drawable_calculations.h(174,61): warning C4244:         [
C:\Users\mrb20\Desktop\!C++ projects\!Arrow Engine\Arrow Engine\Arrow Engine\Drawable_calculations.h(174,61): warning C4244:             T=float
C:\Users\mrb20\Desktop\!C++ projects\!Arrow Engine\Arrow Engine\Arrow Engine\Drawable_calculations.h(174,61): warning C4244:         ]
C:\Users\mrb20\Desktop\!C++ projects\!Arrow Engine\Arrow Engine\Arrow Engine\Drawable_calculations.h(174,49): warning C4244: 'argument': conversion from 'int' to 'T', possible loss of data
C:\Users\mrb20\Desktop\!C++ projects\!Arrow Engine\Arrow Engine\Arrow Engine\Drawable_calculations.h(174,49): warning C4244:         with
C:\Users\mrb20\Desktop\!C++ projects\!Arrow Engine\Arrow Engine\Arrow Engine\Drawable_calculations.h(174,49): warning C4244:         [
C:\Users\mrb20\Desktop\!C++ projects\!Arrow Engine\Arrow Engine\Arrow Engine\Drawable_calculations.h(174,49): warning C4244:             T=float
C:\Users\mrb20\Desktop\!C++ projects\!Arrow Engine\Arrow Engine\Arrow Engine\Drawable_calculations.h(174,49): warning C4244:         ]
C:\Users\mrb20\Desktop\!C++ projects\!Arrow Engine\Arrow Engine\Arrow Engine\Drawable_calculations.h(183,33): warning C4244: 'argument': conversion from 'int' to 'T', possible loss of data
C:\Users\mrb20\Desktop\!C++ projects\!Arrow Engine\Arrow Engine\Arrow Engine\Drawable_calculations.h(183,33): warning C4244:         with
C:\Users\mrb20\Desktop\!C++ projects\!Arrow Engine\Arrow Engine\Arrow Engine\Drawable_calculations.h(183,33): warning C4244:         [
C:\Users\mrb20\Desktop\!C++ projects\!Arrow Engine\Arrow Engine\Arrow Engine\Drawable_calculations.h(183,33): warning C4244:             T=float
C:\Users\mrb20\Desktop\!C++ projects\!Arrow Engine\Arrow Engine\Arrow Engine\Drawable_calculations.h(183,33): warning C4244:         ]
  Rect_Button.cpp
C:\Users\mrb20\Desktop\!C++ projects\!Arrow Engine\Arrow Engine\Arrow Engine\Drawable_calculations.h(174,61): warning C4244: 'argument': conversion from 'int' to 'T', possible loss of data
C:\Users\mrb20\Desktop\!C++ projects\!Arrow Engine\Arrow Engine\Arrow Engine\Drawable_calculations.h(174,61): warning C4244:         with
C:\Users\mrb20\Desktop\!C++ projects\!Arrow Engine\Arrow Engine\Arrow Engine\Drawable_calculations.h(174,61): warning C4244:         [
C:\Users\mrb20\Desktop\!C++ projects\!Arrow Engine\Arrow Engine\Arrow Engine\Drawable_calculations.h(174,61): warning C4244:             T=float
C:\Users\mrb20\Desktop\!C++ projects\!Arrow Engine\Arrow Engine\Arrow Engine\Drawable_calculations.h(174,61): warning C4244:         ]
C:\Users\mrb20\Desktop\!C++ projects\!Arrow Engine\Arrow Engine\Arrow Engine\Drawable_calculations.h(174,49): warning C4244: 'argument': conversion from 'int' to 'T', possible loss of data
C:\Users\mrb20\Desktop\!C++ projects\!Arrow Engine\Arrow Engine\Arrow Engine\Drawable_calculations.h(174,49): warning C4244:         with
C:\Users\mrb20\Desktop\!C++ projects\!Arrow Engine\Arrow Engine\Arrow Engine\Drawable_calculations.h(174,49): warning C4244:         [
C:\Users\mrb20\Desktop\!C++ projects\!Arrow Engine\Arrow Engine\Arrow Engine\Drawable_calculations.h(174,49): warning C4244:             T=float
C:\Users\mrb20\Desktop\!C++ projects\!Arrow Engine\Arrow Engine\Arrow Engine\Drawable_calculations.h(174,49): warning C4244:         ]
C:\Users\mrb20\Desktop\!C++ projects\!Arrow Engine\Arrow Engine\Arrow Engine\Drawable_calculations.h(183,33): warning C4244: 'argument': conversion from 'int' to 'T', possible loss of data
C:\Users\mrb20\Desktop\!C++ projects\!Arrow Engine\Arrow Engine\Arrow Engine\Drawable_calculations.h(183,33): warning C4244:         with
C:\Users\mrb20\Desktop\!C++ projects\!Arrow Engine\Arrow Engine\Arrow Engine\Drawable_calculations.h(183,33): warning C4244:         [
C:\Users\mrb20\Desktop\!C++ projects\!Arrow Engine\Arrow Engine\Arrow Engine\Drawable_calculations.h(183,33): warning C4244:             T=float
C:\Users\mrb20\Desktop\!C++ projects\!Arrow Engine\Arrow Engine\Arrow Engine\Drawable_calculations.h(183,33): warning C4244:         ]
C:\Users\mrb20\Desktop\!C++ projects\!Arrow Engine\Arrow Engine\Arrow Engine\Buttons\Rect_Button.h(20,42): warning C4244: '=': conversion from 'T' to 'int', possible loss of data
C:\Users\mrb20\Desktop\!C++ projects\!Arrow Engine\Arrow Engine\Arrow Engine\Buttons\Rect_Button.h(20,42): warning C4244:         with
C:\Users\mrb20\Desktop\!C++ projects\!Arrow Engine\Arrow Engine\Arrow Engine\Buttons\Rect_Button.h(20,42): warning C4244:         [
C:\Users\mrb20\Desktop\!C++ projects\!Arrow Engine\Arrow Engine\Arrow Engine\Buttons\Rect_Button.h(20,42): warning C4244:             T=float
C:\Users\mrb20\Desktop\!C++ projects\!Arrow Engine\Arrow Engine\Arrow Engine\Buttons\Rect_Button.h(20,42): warning C4244:         ]
C:\Users\mrb20\Desktop\!C++ projects\!Arrow Engine\Arrow Engine\Arrow Engine\Buttons\Rect_Button.h(25,42): warning C4244: '=': conversion from 'T' to 'int', possible loss of data
C:\Users\mrb20\Desktop\!C++ projects\!Arrow Engine\Arrow Engine\Arrow Engine\Buttons\Rect_Button.h(25,42): warning C4244:         with
C:\Users\mrb20\Desktop\!C++ projects\!Arrow Engine\Arrow Engine\Arrow Engine\Buttons\Rect_Button.h(25,42): warning C4244:         [
C:\Users\mrb20\Desktop\!C++ projects\!Arrow Engine\Arrow Engine\Arrow Engine\Buttons\Rect_Button.h(25,42): warning C4244:             T=float
C:\Users\mrb20\Desktop\!C++ projects\!Arrow Engine\Arrow Engine\Arrow Engine\Buttons\Rect_Button.h(25,42): warning C4244:         ]
C:\Users\mrb20\Desktop\!C++ projects\!Arrow Engine\Arrow Engine\Arrow Engine\Buttons\Rect_Button.h(27,43): warning C4244: 'argument': conversion from 'int' to 'T', possible loss of data
C:\Users\mrb20\Desktop\!C++ projects\!Arrow Engine\Arrow Engine\Arrow Engine\Buttons\Rect_Button.h(27,43): warning C4244:         with
C:\Users\mrb20\Desktop\!C++ projects\!Arrow Engine\Arrow Engine\Arrow Engine\Buttons\Rect_Button.h(27,43): warning C4244:         [
C:\Users\mrb20\Desktop\!C++ projects\!Arrow Engine\Arrow Engine\Arrow Engine\Buttons\Rect_Button.h(27,43): warning C4244:             T=float
C:\Users\mrb20\Desktop\!C++ projects\!Arrow Engine\Arrow Engine\Arrow Engine\Buttons\Rect_Button.h(27,43): warning C4244:         ]
C:\Users\mrb20\Desktop\!C++ projects\!Arrow Engine\Arrow Engine\Arrow Engine\Buttons\Rect_Button.h(27,38): warning C4244: 'argument': conversion from 'int' to 'T', possible loss of data
C:\Users\mrb20\Desktop\!C++ projects\!Arrow Engine\Arrow Engine\Arrow Engine\Buttons\Rect_Button.h(27,38): warning C4244:         with
C:\Users\mrb20\Desktop\!C++ projects\!Arrow Engine\Arrow Engine\Arrow Engine\Buttons\Rect_Button.h(27,38): warning C4244:         [
C:\Users\mrb20\Desktop\!C++ projects\!Arrow Engine\Arrow Engine\Arrow Engine\Buttons\Rect_Button.h(27,38): warning C4244:             T=float
C:\Users\mrb20\Desktop\!C++ projects\!Arrow Engine\Arrow Engine\Arrow Engine\Buttons\Rect_Button.h(27,38): warning C4244:         ]
C:\Users\mrb20\Desktop\!C++ projects\!Arrow Engine\Arrow Engine\Arrow Engine\Drawable_calculations.h(161,72): warning C4244: 'argument': conversion from 'double' to 'T', possible loss of data
C:\Users\mrb20\Desktop\!C++ projects\!Arrow Engine\Arrow Engine\Arrow Engine\Drawable_calculations.h(161,72): warning C4244:         with
C:\Users\mrb20\Desktop\!C++ projects\!Arrow Engine\Arrow Engine\Arrow Engine\Drawable_calculations.h(161,72): warning C4244:         [
C:\Users\mrb20\Desktop\!C++ projects\!Arrow Engine\Arrow Engine\Arrow Engine\Drawable_calculations.h(161,72): warning C4244:             T=float
C:\Users\mrb20\Desktop\!C++ projects\!Arrow Engine\Arrow Engine\Arrow Engine\Drawable_calculations.h(161,72): warning C4244:         ]
C:\Users\mrb20\Desktop\!C++ projects\!Arrow Engine\Arrow Engine\Arrow Engine\Drawable_calculations.h(160,90): warning C4244: 'argument': conversion from 'double' to 'T', possible loss of data
C:\Users\mrb20\Desktop\!C++ projects\!Arrow Engine\Arrow Engine\Arrow Engine\Drawable_calculations.h(160,90): warning C4244:         with
C:\Users\mrb20\Desktop\!C++ projects\!Arrow Engine\Arrow Engine\Arrow Engine\Drawable_calculations.h(160,90): warning C4244:         [
C:\Users\mrb20\Desktop\!C++ projects\!Arrow Engine\Arrow Engine\Arrow Engine\Drawable_calculations.h(160,90): warning C4244:             T=float
C:\Users\mrb20\Desktop\!C++ projects\!Arrow Engine\Arrow Engine\Arrow Engine\Drawable_calculations.h(160,90): warning C4244:         ]
  _2Spr_Rect_Button.cpp
C:\Users\mrb20\Desktop\!C++ projects\!Arrow Engine\Arrow Engine\Arrow Engine\Drawable_calculations.h(174,61): warning C4244: 'argument': conversion from 'int' to 'T', possible loss of data
C:\Users\mrb20\Desktop\!C++ projects\!Arrow Engine\Arrow Engine\Arrow Engine\Drawable_calculations.h(174,61): warning C4244:         with
C:\Users\mrb20\Desktop\!C++ projects\!Arrow Engine\Arrow Engine\Arrow Engine\Drawable_calculations.h(174,61): warning C4244:         [
C:\Users\mrb20\Desktop\!C++ projects\!Arrow Engine\Arrow Engine\Arrow Engine\Drawable_calculations.h(174,61): warning C4244:             T=float
C:\Users\mrb20\Desktop\!C++ projects\!Arrow Engine\Arrow Engine\Arrow Engine\Drawable_calculations.h(174,61): warning C4244:         ]
C:\Users\mrb20\Desktop\!C++ projects\!Arrow Engine\Arrow Engine\Arrow Engine\Drawable_calculations.h(174,49): warning C4244: 'argument': conversion from 'int' to 'T', possible loss of data
C:\Users\mrb20\Desktop\!C++ projects\!Arrow Engine\Arrow Engine\Arrow Engine\Drawable_calculations.h(174,49): warning C4244:         with
C:\Users\mrb20\Desktop\!C++ projects\!Arrow Engine\Arrow Engine\Arrow Engine\Drawable_calculations.h(174,49): warning C4244:         [
C:\Users\mrb20\Desktop\!C++ projects\!Arrow Engine\Arrow Engine\Arrow Engine\Drawable_calculations.h(174,49): warning C4244:             T=float
C:\Users\mrb20\Desktop\!C++ projects\!Arrow Engine\Arrow Engine\Arrow Engine\Drawable_calculations.h(174,49): warning C4244:         ]
C:\Users\mrb20\Desktop\!C++ projects\!Arrow Engine\Arrow Engine\Arrow Engine\Drawable_calculations.h(183,33): warning C4244: 'argument': conversion from 'int' to 'T', possible loss of data
C:\Users\mrb20\Desktop\!C++ projects\!Arrow Engine\Arrow Engine\Arrow Engine\Drawable_calculations.h(183,33): warning C4244:         with
C:\Users\mrb20\Desktop\!C++ projects\!Arrow Engine\Arrow Engine\Arrow Engine\Drawable_calculations.h(183,33): warning C4244:         [
C:\Users\mrb20\Desktop\!C++ projects\!Arrow Engine\Arrow Engine\Arrow Engine\Drawable_calculations.h(183,33): warning C4244:             T=float
C:\Users\mrb20\Desktop\!C++ projects\!Arrow Engine\Arrow Engine\Arrow Engine\Drawable_calculations.h(183,33): warning C4244:         ]
C:\Users\mrb20\Desktop\!C++ projects\!Arrow Engine\Arrow Engine\Arrow Engine\Buttons\Rect_Button.h(20,42): warning C4244: '=': conversion from 'T' to 'int', possible loss of data
C:\Users\mrb20\Desktop\!C++ projects\!Arrow Engine\Arrow Engine\Arrow Engine\Buttons\Rect_Button.h(20,42): warning C4244:         with
C:\Users\mrb20\Desktop\!C++ projects\!Arrow Engine\Arrow Engine\Arrow Engine\Buttons\Rect_Button.h(20,42): warning C4244:         [
C:\Users\mrb20\Desktop\!C++ projects\!Arrow Engine\Arrow Engine\Arrow Engine\Buttons\Rect_Button.h(20,42): warning C4244:             T=float
C:\Users\mrb20\Desktop\!C++ projects\!Arrow Engine\Arrow Engine\Arrow Engine\Buttons\Rect_Button.h(20,42): warning C4244:         ]
C:\Users\mrb20\Desktop\!C++ projects\!Arrow Engine\Arrow Engine\Arrow Engine\Buttons\Rect_Button.h(25,42): warning C4244: '=': conversion from 'T' to 'int', possible loss of data
C:\Users\mrb20\Desktop\!C++ projects\!Arrow Engine\Arrow Engine\Arrow Engine\Buttons\Rect_Button.h(25,42): warning C4244:         with
C:\Users\mrb20\Desktop\!C++ projects\!Arrow Engine\Arrow Engine\Arrow Engine\Buttons\Rect_Button.h(25,42): warning C4244:         [
C:\Users\mrb20\Desktop\!C++ projects\!Arrow Engine\Arrow Engine\Arrow Engine\Buttons\Rect_Button.h(25,42): warning C4244:             T=float
C:\Users\mrb20\Desktop\!C++ projects\!Arrow Engine\Arrow Engine\Arrow Engine\Buttons\Rect_Button.h(25,42): warning C4244:         ]
C:\Users\mrb20\Desktop\!C++ projects\!Arrow Engine\Arrow Engine\Arrow Engine\Buttons\Rect_Button.h(27,43): warning C4244: 'argument': conversion from 'int' to 'T', possible loss of data
C:\Users\mrb20\Desktop\!C++ projects\!Arrow Engine\Arrow Engine\Arrow Engine\Buttons\Rect_Button.h(27,43): warning C4244:         with
C:\Users\mrb20\Desktop\!C++ projects\!Arrow Engine\Arrow Engine\Arrow Engine\Buttons\Rect_Button.h(27,43): warning C4244:         [
C:\Users\mrb20\Desktop\!C++ projects\!Arrow Engine\Arrow Engine\Arrow Engine\Buttons\Rect_Button.h(27,43): warning C4244:             T=float
C:\Users\mrb20\Desktop\!C++ projects\!Arrow Engine\Arrow Engine\Arrow Engine\Buttons\Rect_Button.h(27,43): warning C4244:         ]
C:\Users\mrb20\Desktop\!C++ projects\!Arrow Engine\Arrow Engine\Arrow Engine\Buttons\Rect_Button.h(27,38): warning C4244: 'argument': conversion from 'int' to 'T', possible loss of data
C:\Users\mrb20\Desktop\!C++ projects\!Arrow Engine\Arrow Engine\Arrow Engine\Buttons\Rect_Button.h(27,38): warning C4244:         with
C:\Users\mrb20\Desktop\!C++ projects\!Arrow Engine\Arrow Engine\Arrow Engine\Buttons\Rect_Button.h(27,38): warning C4244:         [
C:\Users\mrb20\Desktop\!C++ projects\!Arrow Engine\Arrow Engine\Arrow Engine\Buttons\Rect_Button.h(27,38): warning C4244:             T=float
C:\Users\mrb20\Desktop\!C++ projects\!Arrow Engine\Arrow Engine\Arrow Engine\Buttons\Rect_Button.h(27,38): warning C4244:         ]
C:\Users\mrb20\Desktop\!C++ projects\!Arrow Engine\Arrow Engine\Arrow Engine\_2Spr_Rect_Button.cpp(20,43): warning C4244: 'argument': conversion from 'int' to 'float', possible loss of data
C:\Users\mrb20\Desktop\!C++ projects\!Arrow Engine\Arrow Engine\Arrow Engine\_2Spr_Rect_Button.cpp(20,40): warning C4244: 'argument': conversion from 'int' to 'float', possible loss of data
C:\Users\mrb20\Desktop\!C++ projects\!Arrow Engine\Arrow Engine\Arrow Engine\Drawable_calculations.h(161,72): warning C4244: 'argument': conversion from 'double' to 'T', possible loss of data
C:\Users\mrb20\Desktop\!C++ projects\!Arrow Engine\Arrow Engine\Arrow Engine\Drawable_calculations.h(161,72): warning C4244:         with
C:\Users\mrb20\Desktop\!C++ projects\!Arrow Engine\Arrow Engine\Arrow Engine\Drawable_calculations.h(161,72): warning C4244:         [
C:\Users\mrb20\Desktop\!C++ projects\!Arrow Engine\Arrow Engine\Arrow Engine\Drawable_calculations.h(161,72): warning C4244:             T=float
C:\Users\mrb20\Desktop\!C++ projects\!Arrow Engine\Arrow Engine\Arrow Engine\Drawable_calculations.h(161,72): warning C4244:         ]
C:\Users\mrb20\Desktop\!C++ projects\!Arrow Engine\Arrow Engine\Arrow Engine\Drawable_calculations.h(160,90): warning C4244: 'argument': conversion from 'double' to 'T', possible loss of data
C:\Users\mrb20\Desktop\!C++ projects\!Arrow Engine\Arrow Engine\Arrow Engine\Drawable_calculations.h(160,90): warning C4244:         with
C:\Users\mrb20\Desktop\!C++ projects\!Arrow Engine\Arrow Engine\Arrow Engine\Drawable_calculations.h(160,90): warning C4244:         [
C:\Users\mrb20\Desktop\!C++ projects\!Arrow Engine\Arrow Engine\Arrow Engine\Drawable_calculations.h(160,90): warning C4244:             T=float
C:\Users\mrb20\Desktop\!C++ projects\!Arrow Engine\Arrow Engine\Arrow Engine\Drawable_calculations.h(160,90): warning C4244:         ]
  main.cpp
C:\Users\mrb20\Desktop\!C++ projects\!Arrow Engine\Arrow Engine\Arrow Engine\Drawable_calculations.h(174,61): warning C4244: 'argument': conversion from 'int' to 'T', possible loss of data
C:\Users\mrb20\Desktop\!C++ projects\!Arrow Engine\Arrow Engine\Arrow Engine\Drawable_calculations.h(174,61): warning C4244:         with
C:\Users\mrb20\Desktop\!C++ projects\!Arrow Engine\Arrow Engine\Arrow Engine\Drawable_calculations.h(174,61): warning C4244:         [
C:\Users\mrb20\Desktop\!C++ projects\!Arrow Engine\Arrow Engine\Arrow Engine\Drawable_calculations.h(174,61): warning C4244:             T=float
C:\Users\mrb20\Desktop\!C++ projects\!Arrow Engine\Arrow Engine\Arrow Engine\Drawable_calculations.h(174,61): warning C4244:         ]
C:\Users\mrb20\Desktop\!C++ projects\!Arrow Engine\Arrow Engine\Arrow Engine\Drawable_calculations.h(174,49): warning C4244: 'argument': conversion from 'int' to 'T', possible loss of data
C:\Users\mrb20\Desktop\!C++ projects\!Arrow Engine\Arrow Engine\Arrow Engine\Drawable_calculations.h(174,49): warning C4244:         with
C:\Users\mrb20\Desktop\!C++ projects\!Arrow Engine\Arrow Engine\Arrow Engine\Drawable_calculations.h(174,49): warning C4244:         [
C:\Users\mrb20\Desktop\!C++ projects\!Arrow Engine\Arrow Engine\Arrow Engine\Drawable_calculations.h(174,49): warning C4244:             T=float
C:\Users\mrb20\Desktop\!C++ projects\!Arrow Engine\Arrow Engine\Arrow Engine\Drawable_calculations.h(174,49): warning C4244:         ]
C:\Users\mrb20\Desktop\!C++ projects\!Arrow Engine\Arrow Engine\Arrow Engine\Drawable_calculations.h(183,33): warning C4244: 'argument': conversion from 'int' to 'T', possible loss of data
C:\Users\mrb20\Desktop\!C++ projects\!Arrow Engine\Arrow Engine\Arrow Engine\Drawable_calculations.h(183,33): warning C4244:         with
C:\Users\mrb20\Desktop\!C++ projects\!Arrow Engine\Arrow Engine\Arrow Engine\Drawable_calculations.h(183,33): warning C4244:         [
C:\Users\mrb20\Desktop\!C++ projects\!Arrow Engine\Arrow Engine\Arrow Engine\Drawable_calculations.h(183,33): warning C4244:             T=float
C:\Users\mrb20\Desktop\!C++ projects\!Arrow Engine\Arrow Engine\Arrow Engine\Drawable_calculations.h(183,33): warning C4244:         ]
C:\Users\mrb20\Desktop\!C++ projects\!Arrow Engine\Arrow Engine\Arrow Engine\Buttons\Rect_Button.h(20,42): warning C4244: '=': conversion from 'T' to 'int', possible loss of data
C:\Users\mrb20\Desktop\!C++ projects\!Arrow Engine\Arrow Engine\Arrow Engine\Buttons\Rect_Button.h(20,42): warning C4244:         with
C:\Users\mrb20\Desktop\!C++ projects\!Arrow Engine\Arrow Engine\Arrow Engine\Buttons\Rect_Button.h(20,42): warning C4244:         [
C:\Users\mrb20\Desktop\!C++ projects\!Arrow Engine\Arrow Engine\Arrow Engine\Buttons\Rect_Button.h(20,42): warning C4244:             T=float
C:\Users\mrb20\Desktop\!C++ projects\!Arrow Engine\Arrow Engine\Arrow Engine\Buttons\Rect_Button.h(20,42): warning C4244:         ]
C:\Users\mrb20\Desktop\!C++ projects\!Arrow Engine\Arrow Engine\Arrow Engine\Buttons\Rect_Button.h(25,42): warning C4244: '=': conversion from 'T' to 'int', possible loss of data
C:\Users\mrb20\Desktop\!C++ projects\!Arrow Engine\Arrow Engine\Arrow Engine\Buttons\Rect_Button.h(25,42): warning C4244:         with
C:\Users\mrb20\Desktop\!C++ projects\!Arrow Engine\Arrow Engine\Arrow Engine\Buttons\Rect_Button.h(25,42): warning C4244:         [
C:\Users\mrb20\Desktop\!C++ projects\!Arrow Engine\Arrow Engine\Arrow Engine\Buttons\Rect_Button.h(25,42): warning C4244:             T=float
C:\Users\mrb20\Desktop\!C++ projects\!Arrow Engine\Arrow Engine\Arrow Engine\Buttons\Rect_Button.h(25,42): warning C4244:         ]
C:\Users\mrb20\Desktop\!C++ projects\!Arrow Engine\Arrow Engine\Arrow Engine\Buttons\Rect_Button.h(27,43): warning C4244: 'argument': conversion from 'int' to 'T', possible loss of data
C:\Users\mrb20\Desktop\!C++ projects\!Arrow Engine\Arrow Engine\Arrow Engine\Buttons\Rect_Button.h(27,43): warning C4244:         with
C:\Users\mrb20\Desktop\!C++ projects\!Arrow Engine\Arrow Engine\Arrow Engine\Buttons\Rect_Button.h(27,43): warning C4244:         [
C:\Users\mrb20\Desktop\!C++ projects\!Arrow Engine\Arrow Engine\Arrow Engine\Buttons\Rect_Button.h(27,43): warning C4244:             T=float
C:\Users\mrb20\Desktop\!C++ projects\!Arrow Engine\Arrow Engine\Arrow Engine\Buttons\Rect_Button.h(27,43): warning C4244:         ]
C:\Users\mrb20\Desktop\!C++ projects\!Arrow Engine\Arrow Engine\Arrow Engine\Buttons\Rect_Button.h(27,38): warning C4244: 'argument': conversion from 'int' to 'T', possible loss of data
C:\Users\mrb20\Desktop\!C++ projects\!Arrow Engine\Arrow Engine\Arrow Engine\Buttons\Rect_Button.h(27,38): warning C4244:         with
C:\Users\mrb20\Desktop\!C++ projects\!Arrow Engine\Arrow Engine\Arrow Engine\Buttons\Rect_Button.h(27,38): warning C4244:         [
C:\Users\mrb20\Desktop\!C++ projects\!Arrow Engine\Arrow Engine\Arrow Engine\Buttons\Rect_Button.h(27,38): warning C4244:             T=float
C:\Users\mrb20\Desktop\!C++ projects\!Arrow Engine\Arrow Engine\Arrow Engine\Buttons\Rect_Button.h(27,38): warning C4244:         ]
C:\Users\mrb20\Desktop\!C++ projects\!Arrow Engine\Arrow Engine\Arrow Engine\Incrementors\Incrementor.h(50,92): warning C4244: 'argument': conversion from 'int' to 'T', possible loss of data
C:\Users\mrb20\Desktop\!C++ projects\!Arrow Engine\Arrow Engine\Arrow Engine\Incrementors\Incrementor.h(50,92): warning C4244:         with
C:\Users\mrb20\Desktop\!C++ projects\!Arrow Engine\Arrow Engine\Arrow Engine\Incrementors\Incrementor.h(50,92): warning C4244:         [
C:\Users\mrb20\Desktop\!C++ projects\!Arrow Engine\Arrow Engine\Arrow Engine\Incrementors\Incrementor.h(50,92): warning C4244:             T=float
C:\Users\mrb20\Desktop\!C++ projects\!Arrow Engine\Arrow Engine\Arrow Engine\Incrementors\Incrementor.h(50,92): warning C4244:         ]
C:\Users\mrb20\Desktop\!C++ projects\!Arrow Engine\Arrow Engine\Arrow Engine\Incrementors\Incrementor.h(50,87): warning C4244: 'argument': conversion from 'int' to 'T', possible loss of data
C:\Users\mrb20\Desktop\!C++ projects\!Arrow Engine\Arrow Engine\Arrow Engine\Incrementors\Incrementor.h(50,87): warning C4244:         with
C:\Users\mrb20\Desktop\!C++ projects\!Arrow Engine\Arrow Engine\Arrow Engine\Incrementors\Incrementor.h(50,87): warning C4244:         [
C:\Users\mrb20\Desktop\!C++ projects\!Arrow Engine\Arrow Engine\Arrow Engine\Incrementors\Incrementor.h(50,87): warning C4244:             T=float
C:\Users\mrb20\Desktop\!C++ projects\!Arrow Engine\Arrow Engine\Arrow Engine\Incrementors\Incrementor.h(50,87): warning C4244:         ]
C:\Users\mrb20\Desktop\!C++ projects\!Arrow Engine\Arrow Engine\Arrow Engine\Incrementors\Incrementor.h(51,93): warning C4244: 'argument': conversion from 'int' to 'T', possible loss of data
C:\Users\mrb20\Desktop\!C++ projects\!Arrow Engine\Arrow Engine\Arrow Engine\Incrementors\Incrementor.h(51,93): warning C4244:         with
C:\Users\mrb20\Desktop\!C++ projects\!Arrow Engine\Arrow Engine\Arrow Engine\Incrementors\Incrementor.h(51,93): warning C4244:         [
C:\Users\mrb20\Desktop\!C++ projects\!Arrow Engine\Arrow Engine\Arrow Engine\Incrementors\Incrementor.h(51,93): warning C4244:             T=float
C:\Users\mrb20\Desktop\!C++ projects\!Arrow Engine\Arrow Engine\Arrow Engine\Incrementors\Incrementor.h(51,93): warning C4244:         ]
C:\Users\mrb20\Desktop\!C++ projects\!Arrow Engine\Arrow Engine\Arrow Engine\Incrementors\Incrementor.h(51,88): warning C4244: 'argument': conversion from 'int' to 'T', possible loss of data
C:\Users\mrb20\Desktop\!C++ projects\!Arrow Engine\Arrow Engine\Arrow Engine\Incrementors\Incrementor.h(51,88): warning C4244:         with
C:\Users\mrb20\Desktop\!C++ projects\!Arrow Engine\Arrow Engine\Arrow Engine\Incrementors\Incrementor.h(51,88): warning C4244:         [
C:\Users\mrb20\Desktop\!C++ projects\!Arrow Engine\Arrow Engine\Arrow Engine\Incrementors\Incrementor.h(51,88): warning C4244:             T=float
C:\Users\mrb20\Desktop\!C++ projects\!Arrow Engine\Arrow Engine\Arrow Engine\Incrementors\Incrementor.h(51,88): warning C4244:         ]
C:\Users\mrb20\Desktop\!C++ projects\!Arrow Engine\Arrow Engine\Arrow Engine\main.cpp(15,87): warning C4244: 'argument': conversion from 'const T' to 'unsigned int', possible loss of data
C:\Users\mrb20\Desktop\!C++ projects\!Arrow Engine\Arrow Engine\Arrow Engine\main.cpp(15,87): warning C4244:         with
C:\Users\mrb20\Desktop\!C++ projects\!Arrow Engine\Arrow Engine\Arrow Engine\main.cpp(15,87): warning C4244:         [
C:\Users\mrb20\Desktop\!C++ projects\!Arrow Engine\Arrow Engine\Arrow Engine\main.cpp(15,87): warning C4244:             T=float
C:\Users\mrb20\Desktop\!C++ projects\!Arrow Engine\Arrow Engine\Arrow Engine\main.cpp(15,87): warning C4244:         ]
C:\Users\mrb20\Desktop\!C++ projects\!Arrow Engine\Arrow Engine\Arrow Engine\main.cpp(15,63): warning C4244: 'argument': conversion from 'const T' to 'unsigned int', possible loss of data
C:\Users\mrb20\Desktop\!C++ projects\!Arrow Engine\Arrow Engine\Arrow Engine\main.cpp(15,63): warning C4244:         with
C:\Users\mrb20\Desktop\!C++ projects\!Arrow Engine\Arrow Engine\Arrow Engine\main.cpp(15,63): warning C4244:         [
C:\Users\mrb20\Desktop\!C++ projects\!Arrow Engine\Arrow Engine\Arrow Engine\main.cpp(15,63): warning C4244:             T=float
C:\Users\mrb20\Desktop\!C++ projects\!Arrow Engine\Arrow Engine\Arrow Engine\main.cpp(15,63): warning C4244:         ]
C:\Users\mrb20\Desktop\!C++ projects\!Arrow Engine\Arrow Engine\Arrow Engine\main.cpp(26,98): warning C4244: 'argument': conversion from 'double' to 'T', possible loss of data
C:\Users\mrb20\Desktop\!C++ projects\!Arrow Engine\Arrow Engine\Arrow Engine\main.cpp(26,98): warning C4244:         with
C:\Users\mrb20\Desktop\!C++ projects\!Arrow Engine\Arrow Engine\Arrow Engine\main.cpp(26,98): warning C4244:         [
C:\Users\mrb20\Desktop\!C++ projects\!Arrow Engine\Arrow Engine\Arrow Engine\main.cpp(26,98): warning C4244:             T=float
C:\Users\mrb20\Desktop\!C++ projects\!Arrow Engine\Arrow Engine\Arrow Engine\main.cpp(26,98): warning C4244:         ]
C:\Users\mrb20\Desktop\!C++ projects\!Arrow Engine\Arrow Engine\Arrow Engine\main.cpp(26,67): warning C4244: 'argument': conversion from 'double' to 'T', possible loss of data
C:\Users\mrb20\Desktop\!C++ projects\!Arrow Engine\Arrow Engine\Arrow Engine\main.cpp(26,67): warning C4244:         with
C:\Users\mrb20\Desktop\!C++ projects\!Arrow Engine\Arrow Engine\Arrow Engine\main.cpp(26,67): warning C4244:         [
C:\Users\mrb20\Desktop\!C++ projects\!Arrow Engine\Arrow Engine\Arrow Engine\main.cpp(26,67): warning C4244:             T=float
C:\Users\mrb20\Desktop\!C++ projects\!Arrow Engine\Arrow Engine\Arrow Engine\main.cpp(26,67): warning C4244:         ]
C:\Users\mrb20\Desktop\!C++ projects\!Arrow Engine\Arrow Engine\Arrow Engine\main.cpp(29,90): warning C4244: 'argument': conversion from 'double' to 'unsigned int', possible loss of data
C:\Users\mrb20\Desktop\!C++ projects\!Arrow Engine\Arrow Engine\Arrow Engine\main.cpp(29,59): warning C4244: 'argument': conversion from 'double' to 'unsigned int', possible loss of data
C:\Users\mrb20\Desktop\!C++ projects\!Arrow Engine\Arrow Engine\Arrow Engine\main.cpp(31,100): warning C4244: 'argument': conversion from 'double' to 'T', possible loss of data
C:\Users\mrb20\Desktop\!C++ projects\!Arrow Engine\Arrow Engine\Arrow Engine\main.cpp(31,100): warning C4244:         with
C:\Users\mrb20\Desktop\!C++ projects\!Arrow Engine\Arrow Engine\Arrow Engine\main.cpp(31,100): warning C4244:         [
C:\Users\mrb20\Desktop\!C++ projects\!Arrow Engine\Arrow Engine\Arrow Engine\main.cpp(31,100): warning C4244:             T=float
C:\Users\mrb20\Desktop\!C++ projects\!Arrow Engine\Arrow Engine\Arrow Engine\main.cpp(31,100): warning C4244:         ]
C:\Users\mrb20\Desktop\!C++ projects\!Arrow Engine\Arrow Engine\Arrow Engine\main.cpp(31,69): warning C4244: 'argument': conversion from 'double' to 'T', possible loss of data
C:\Users\mrb20\Desktop\!C++ projects\!Arrow Engine\Arrow Engine\Arrow Engine\main.cpp(31,69): warning C4244:         with
C:\Users\mrb20\Desktop\!C++ projects\!Arrow Engine\Arrow Engine\Arrow Engine\main.cpp(31,69): warning C4244:         [
C:\Users\mrb20\Desktop\!C++ projects\!Arrow Engine\Arrow Engine\Arrow Engine\main.cpp(31,69): warning C4244:             T=float
C:\Users\mrb20\Desktop\!C++ projects\!Arrow Engine\Arrow Engine\Arrow Engine\main.cpp(31,69): warning C4244:         ]
C:\Users\mrb20\Desktop\!C++ projects\!Arrow Engine\Arrow Engine\Arrow Engine\main.cpp(49,69): warning C4244: 'argument': conversion from 'const T' to 'T', possible loss of data
C:\Users\mrb20\Desktop\!C++ projects\!Arrow Engine\Arrow Engine\Arrow Engine\main.cpp(49,69): warning C4244:         with
C:\Users\mrb20\Desktop\!C++ projects\!Arrow Engine\Arrow Engine\Arrow Engine\main.cpp(49,69): warning C4244:         [
C:\Users\mrb20\Desktop\!C++ projects\!Arrow Engine\Arrow Engine\Arrow Engine\main.cpp(49,69): warning C4244:             T=float
C:\Users\mrb20\Desktop\!C++ projects\!Arrow Engine\Arrow Engine\Arrow Engine\main.cpp(49,69): warning C4244:         ]
C:\Users\mrb20\Desktop\!C++ projects\!Arrow Engine\Arrow Engine\Arrow Engine\main.cpp(49,69): warning C4244:         and
C:\Users\mrb20\Desktop\!C++ projects\!Arrow Engine\Arrow Engine\Arrow Engine\main.cpp(49,69): warning C4244:         [
C:\Users\mrb20\Desktop\!C++ projects\!Arrow Engine\Arrow Engine\Arrow Engine\main.cpp(49,69): warning C4244:             T=unsigned int
C:\Users\mrb20\Desktop\!C++ projects\!Arrow Engine\Arrow Engine\Arrow Engine\main.cpp(49,69): warning C4244:         ]
C:\Users\mrb20\Desktop\!C++ projects\!Arrow Engine\Arrow Engine\Arrow Engine\main.cpp(53,89): warning C4244: 'argument': conversion from 'const T' to 'T', possible loss of data
C:\Users\mrb20\Desktop\!C++ projects\!Arrow Engine\Arrow Engine\Arrow Engine\main.cpp(53,89): warning C4244:         with
C:\Users\mrb20\Desktop\!C++ projects\!Arrow Engine\Arrow Engine\Arrow Engine\main.cpp(53,89): warning C4244:         [
C:\Users\mrb20\Desktop\!C++ projects\!Arrow Engine\Arrow Engine\Arrow Engine\main.cpp(53,89): warning C4244:             T=float
C:\Users\mrb20\Desktop\!C++ projects\!Arrow Engine\Arrow Engine\Arrow Engine\main.cpp(53,89): warning C4244:         ]
C:\Users\mrb20\Desktop\!C++ projects\!Arrow Engine\Arrow Engine\Arrow Engine\main.cpp(53,89): warning C4244:         and
C:\Users\mrb20\Desktop\!C++ projects\!Arrow Engine\Arrow Engine\Arrow Engine\main.cpp(53,89): warning C4244:         [
C:\Users\mrb20\Desktop\!C++ projects\!Arrow Engine\Arrow Engine\Arrow Engine\main.cpp(53,89): warning C4244:             T=unsigned int
C:\Users\mrb20\Desktop\!C++ projects\!Arrow Engine\Arrow Engine\Arrow Engine\main.cpp(53,89): warning C4244:         ]
C:\Users\mrb20\Desktop\!C++ projects\!Arrow Engine\Arrow Engine\Arrow Engine\main.cpp(55,101): warning C4244: 'argument': conversion from 'double' to 'T', possible loss of data
C:\Users\mrb20\Desktop\!C++ projects\!Arrow Engine\Arrow Engine\Arrow Engine\main.cpp(55,101): warning C4244:         with
C:\Users\mrb20\Desktop\!C++ projects\!Arrow Engine\Arrow Engine\Arrow Engine\main.cpp(55,101): warning C4244:         [
C:\Users\mrb20\Desktop\!C++ projects\!Arrow Engine\Arrow Engine\Arrow Engine\main.cpp(55,101): warning C4244:             T=float
C:\Users\mrb20\Desktop\!C++ projects\!Arrow Engine\Arrow Engine\Arrow Engine\main.cpp(55,101): warning C4244:         ]
C:\Users\mrb20\Desktop\!C++ projects\!Arrow Engine\Arrow Engine\Arrow Engine\main.cpp(55,75): warning C4244: 'argument': conversion from 'double' to 'T', possible loss of data
C:\Users\mrb20\Desktop\!C++ projects\!Arrow Engine\Arrow Engine\Arrow Engine\main.cpp(55,75): warning C4244:         with
C:\Users\mrb20\Desktop\!C++ projects\!Arrow Engine\Arrow Engine\Arrow Engine\main.cpp(55,75): warning C4244:         [
C:\Users\mrb20\Desktop\!C++ projects\!Arrow Engine\Arrow Engine\Arrow Engine\main.cpp(55,75): warning C4244:             T=float
C:\Users\mrb20\Desktop\!C++ projects\!Arrow Engine\Arrow Engine\Arrow Engine\main.cpp(55,75): warning C4244:         ]
C:\Users\mrb20\Desktop\!C++ projects\!Arrow Engine\Arrow Engine\Arrow Engine\main.cpp(56,103): warning C4244: 'argument': conversion from 'double' to 'T', possible loss of data
C:\Users\mrb20\Desktop\!C++ projects\!Arrow Engine\Arrow Engine\Arrow Engine\main.cpp(56,103): warning C4244:         with
C:\Users\mrb20\Desktop\!C++ projects\!Arrow Engine\Arrow Engine\Arrow Engine\main.cpp(56,103): warning C4244:         [
C:\Users\mrb20\Desktop\!C++ projects\!Arrow Engine\Arrow Engine\Arrow Engine\main.cpp(56,103): warning C4244:             T=float
C:\Users\mrb20\Desktop\!C++ projects\!Arrow Engine\Arrow Engine\Arrow Engine\main.cpp(56,103): warning C4244:         ]
C:\Users\mrb20\Desktop\!C++ projects\!Arrow Engine\Arrow Engine\Arrow Engine\main.cpp(56,77): warning C4244: 'argument': conversion from 'double' to 'T', possible loss of data
C:\Users\mrb20\Desktop\!C++ projects\!Arrow Engine\Arrow Engine\Arrow Engine\main.cpp(56,77): warning C4244:         with
C:\Users\mrb20\Desktop\!C++ projects\!Arrow Engine\Arrow Engine\Arrow Engine\main.cpp(56,77): warning C4244:         [
C:\Users\mrb20\Desktop\!C++ projects\!Arrow Engine\Arrow Engine\Arrow Engine\main.cpp(56,77): warning C4244:             T=float
C:\Users\mrb20\Desktop\!C++ projects\!Arrow Engine\Arrow Engine\Arrow Engine\main.cpp(56,77): warning C4244:         ]
C:\Users\mrb20\Desktop\!C++ projects\!Arrow Engine\Arrow Engine\Arrow Engine\main.cpp(57,86): warning C4244: 'argument': conversion from 'double' to 'unsigned int', possible loss of data
C:\Users\mrb20\Desktop\!C++ projects\!Arrow Engine\Arrow Engine\Arrow Engine\main.cpp(57,60): warning C4244: 'argument': conversion from 'double' to 'unsigned int', possible loss of data
  Generating Code...
  Arrow Engine.vcxproj -> C:\Users\mrb20\Desktop\!C++ projects\Bow Map Editor\Debug\Arrow Engine.lib
